<?xml version="1.0" encoding="UTF-8"?>
<!-- Generated by org.testng.reporters.JUnitReportReporter -->
<testsuite skipped="0" hostname="Mazdimus" name="test.LoginTest" tests="1" failures="0" timestamp="2019-12-13T13:49:31 CST" time="27.465" errors="0">
  <testcase name="validUserShouldBeAbleLogin" time="27.465" classname="test.LoginTest"/>
</testsuite> <!-- test.LoginTest -->
